<?xml version="1.0" encoding="UTF-8"?>
<!-- Generated by org.testng.reporters.JUnitReportReporter -->
<testsuite hostname="LAPTOP-9QL5EV9U" failures="0" tests="1" name="FWproj.Framework.Homepage" time="54.663" errors="0" timestamp="27 Oct 2018 06:20:43 GMT" skipped="0">
  <testcase classname="FWproj.Framework.Homepage" name="hommePag" time="54.663"/>
</testsuite> <!-- FWproj.Framework.Homepage -->
