<?xml version="1.0" encoding="UTF-8"?>
<!-- Generated by org.testng.reporters.JUnitReportReporter -->
<testsuite hostname="LAPTOP-9QL5EV9U" failures="0" tests="3" name="pages.pagFry.OneWay" time="85.843" errors="0" timestamp="08 Dec 2018 08:41:34 GMT" skipped="0">
  <testcase classname="pages.pagFry.OneWay" name="browser" time="52.129"/>
  <testcase classname="pages.pagFry.OneWay" name="Loginhome" time="2.269"/>
  <testcase classname="pages.pagFry.OneWay" name="FlightList" time="31.445"/>
</testsuite> <!-- pages.pagFry.OneWay -->
