<?xml version="1.0" encoding="UTF-8"?>
<!-- Generated by org.testng.reporters.JUnitReportReporter -->
<testsuite hostname="LAPTOP-9QL5EV9U" failures="0" tests="2" name="pages.pagFry.Browser" time="16.513" errors="0" timestamp="08 Dec 2018 04:10:40 GMT" skipped="0">
  <testcase classname="pages.pagFry.Browser" name="Loginhome" time="7.866"/>
  <testcase classname="pages.pagFry.Browser" name="FlightList" time="8.647"/>
</testsuite> <!-- pages.pagFry.Browser -->
